<?xml version="1.0" encoding="UTF-8"?>
<coverage generated="1740909597058" clover="3.2.0">
  <project timestamp="1740909597058" name="All files">
    <metrics statements="196" coveredstatements="177" conditionals="131" coveredconditionals="106" methods="62" coveredmethods="51" elements="389" coveredelements="334" complexity="0" loc="196" ncloc="196" packages="13" files="21" classes="21"/>
    <package name="adapters">
      <metrics statements="4" coveredstatements="4" conditionals="33" coveredconditionals="29" methods="3" coveredmethods="3"/>
      <file name="character-adapter.ts" path="C:\WebApps\marvel-wiki\src\adapters\character-adapter.ts">
        <metrics statements="2" coveredstatements="2" conditionals="15" coveredconditionals="13" methods="1" coveredmethods="1"/>
        <line num="13" count="9" type="stmt"/>
        <line num="17" count="8" type="stmt"/>
      </file>
      <file name="comic-adapter.ts" path="C:\WebApps\marvel-wiki\src\adapters\comic-adapter.ts">
        <metrics statements="2" coveredstatements="2" conditionals="18" coveredconditionals="16" methods="2" coveredmethods="2"/>
        <line num="13" count="6" type="stmt"/>
        <line num="24" count="3" type="cond" truecount="8" falsecount="0"/>
      </file>
    </package>
    <package name="frameworks.tanstack-query">
      <metrics statements="37" coveredstatements="37" conditionals="13" coveredconditionals="10" methods="13" coveredmethods="13"/>
      <file name="query-client.ts" path="C:\WebApps\marvel-wiki\src\frameworks\tanstack-query\query-client.ts">
        <metrics statements="6" coveredstatements="6" conditionals="0" coveredconditionals="0" methods="0" coveredmethods="0"/>
        <line num="1" count="5" type="stmt"/>
        <line num="2" count="5" type="stmt"/>
        <line num="4" count="5" type="stmt"/>
        <line num="6" count="5" type="stmt"/>
        <line num="15" count="5" type="stmt"/>
        <line num="19" count="5" type="stmt"/>
      </file>
      <file name="use-get-character-detail.ts" path="C:\WebApps\marvel-wiki\src\frameworks\tanstack-query\use-get-character-detail.ts">
        <metrics statements="17" coveredstatements="17" conditionals="8" coveredconditionals="6" methods="8" coveredmethods="8"/>
        <line num="1" count="3" type="stmt"/>
        <line num="2" count="3" type="stmt"/>
        <line num="3" count="3" type="stmt"/>
        <line num="4" count="3" type="stmt"/>
        <line num="5" count="3" type="stmt"/>
        <line num="10" count="3" type="stmt"/>
        <line num="11" count="2" type="cond" truecount="3" falsecount="1"/>
        <line num="13" count="2" type="stmt"/>
        <line num="14" count="1" type="stmt"/>
        <line num="15" count="1" type="stmt"/>
        <line num="18" count="2" type="stmt"/>
        <line num="19" count="1" type="stmt"/>
        <line num="22" count="1" type="cond" truecount="3" falsecount="1"/>
        <line num="25" count="2" type="stmt"/>
        <line num="38" count="2" type="stmt"/>
        <line num="41" count="3" type="stmt"/>
        <line num="42" count="4" type="stmt"/>
      </file>
      <file name="use-get-characters.ts" path="C:\WebApps\marvel-wiki\src\frameworks\tanstack-query\use-get-characters.ts">
        <metrics statements="14" coveredstatements="14" conditionals="5" coveredconditionals="4" methods="5" coveredmethods="5"/>
        <line num="1" count="3" type="stmt"/>
        <line num="2" count="3" type="stmt"/>
        <line num="3" count="3" type="stmt"/>
        <line num="7" count="3" type="stmt"/>
        <line num="8" count="2" type="stmt"/>
        <line num="9" count="1" type="stmt"/>
        <line num="10" count="1" type="cond" truecount="1" falsecount="0"/>
        <line num="11" count="1" type="stmt"/>
        <line num="13" count="1" type="stmt"/>
        <line num="14" count="1" type="cond" truecount="3" falsecount="1"/>
        <line num="15" count="1" type="stmt"/>
        <line num="19" count="2" type="stmt"/>
        <line num="21" count="1" type="stmt"/>
        <line num="25" count="2" type="stmt"/>
      </file>
    </package>
    <package name="frameworks.ui.components">
      <metrics statements="48" coveredstatements="46" conditionals="35" coveredconditionals="31" methods="19" coveredmethods="15"/>
      <file name="alert-message.tsx" path="C:\WebApps\marvel-wiki\src\frameworks\ui\components\alert-message.tsx">
        <metrics statements="2" coveredstatements="2" conditionals="0" coveredconditionals="0" methods="1" coveredmethods="1"/>
        <line num="10" count="7" type="stmt"/>
        <line num="11" count="6" type="stmt"/>
      </file>
      <file name="character-card.tsx" path="C:\WebApps\marvel-wiki\src\frameworks\ui\components\character-card.tsx">
        <metrics statements="5" coveredstatements="4" conditionals="0" coveredconditionals="0" methods="2" coveredmethods="1"/>
        <line num="3" count="4" type="stmt"/>
        <line num="4" count="4" type="stmt"/>
        <line num="10" count="4" type="stmt"/>
        <line num="11" count="5" type="stmt"/>
        <line num="20" count="0" type="stmt"/>
      </file>
      <file name="characters-cards-list.tsx" path="C:\WebApps\marvel-wiki\src\frameworks\ui\components\characters-cards-list.tsx">
        <metrics statements="5" coveredstatements="5" conditionals="8" coveredconditionals="7" methods="2" coveredmethods="2"/>
        <line num="2" count="3" type="stmt"/>
        <line num="3" count="3" type="stmt"/>
        <line num="11" count="3" type="stmt"/>
        <line num="12" count="5" type="stmt"/>
        <line num="17" count="4" type="stmt"/>
      </file>
      <file name="fav-button.tsx" path="C:\WebApps\marvel-wiki\src\frameworks\ui\components\fav-button.tsx">
        <metrics statements="32" coveredstatements="31" conditionals="27" coveredconditionals="24" methods="11" coveredmethods="8"/>
        <line num="1" count="6" type="stmt"/>
        <line num="3" count="6" type="stmt"/>
        <line num="4" count="6" type="stmt"/>
        <line num="12" count="6" type="stmt"/>
        <line num="15" count="10" type="stmt"/>
        <line num="16" count="10" type="stmt"/>
        <line num="17" count="10" type="stmt"/>
        <line num="20" count="10" type="stmt"/>
        <line num="21" count="8" type="stmt"/>
        <line num="22" count="8" type="stmt"/>
        <line num="23" count="2" type="stmt"/>
        <line num="24" count="2" type="stmt"/>
        <line num="25" count="2" type="stmt"/>
        <line num="26" count="2" type="stmt"/>
        <line num="27" count="0" type="stmt"/>
        <line num="31" count="8" type="stmt"/>
        <line num="35" count="10" type="stmt"/>
        <line num="36" count="8" type="stmt"/>
        <line num="37" count="8" type="stmt"/>
        <line num="39" count="8" type="cond" truecount="6" falsecount="2"/>
        <line num="40" count="8" type="cond" truecount="4" falsecount="0"/>
        <line num="41" count="8" type="cond" truecount="4" falsecount="0"/>
        <line num="43" count="8" type="stmt"/>
        <line num="44" count="8" type="cond" truecount="4" falsecount="0"/>
        <line num="45" count="8" type="cond" truecount="4" falsecount="0"/>
        <line num="50" count="10" type="stmt"/>
        <line num="51" count="2" type="stmt"/>
        <line num="52" count="2" type="cond" truecount="2" falsecount="0"/>
        <line num="53" count="1" type="stmt"/>
        <line num="55" count="1" type="stmt"/>
        <line num="57" count="2" type="stmt"/>
        <line num="60" count="10" type="stmt"/>
      </file>
      <file name="loader.tsx" path="C:\WebApps\marvel-wiki\src\frameworks\ui\components\loader.tsx">
        <metrics statements="1" coveredstatements="1" conditionals="0" coveredconditionals="0" methods="1" coveredmethods="1"/>
        <line num="4" count="4" type="stmt"/>
      </file>
      <file name="searcher.tsx" path="C:\WebApps\marvel-wiki\src\frameworks\ui\components\searcher.tsx">
        <metrics statements="3" coveredstatements="3" conditionals="0" coveredconditionals="0" methods="2" coveredmethods="2"/>
        <line num="11" count="3" type="stmt"/>
        <line num="12" count="10" type="stmt"/>
        <line num="20" count="1" type="stmt"/>
      </file>
    </package>
    <package name="frameworks.ui.layouts.main-layout">
      <metrics statements="6" coveredstatements="6" conditionals="0" coveredconditionals="0" methods="1" coveredmethods="1"/>
      <file name="main-layout.tsx" path="C:\WebApps\marvel-wiki\src\frameworks\ui\layouts\main-layout\main-layout.tsx">
        <metrics statements="6" coveredstatements="6" conditionals="0" coveredconditionals="0" methods="1" coveredmethods="1"/>
        <line num="1" count="1" type="stmt"/>
        <line num="2" count="1" type="stmt"/>
        <line num="3" count="1" type="stmt"/>
        <line num="4" count="1" type="stmt"/>
        <line num="7" count="1" type="stmt"/>
        <line num="8" count="1" type="stmt"/>
      </file>
    </package>
    <package name="frameworks.ui.layouts.main-layout.components">
      <metrics statements="22" coveredstatements="16" conditionals="0" coveredconditionals="0" methods="8" coveredmethods="5"/>
      <file name="header.tsx" path="C:\WebApps\marvel-wiki\src\frameworks\ui\layouts\main-layout\components\header.tsx">
        <metrics statements="22" coveredstatements="16" conditionals="0" coveredconditionals="0" methods="8" coveredmethods="5"/>
        <line num="1" count="1" type="stmt"/>
        <line num="2" count="1" type="stmt"/>
        <line num="3" count="1" type="stmt"/>
        <line num="6" count="1" type="stmt"/>
        <line num="7" count="2" type="stmt"/>
        <line num="9" count="2" type="stmt"/>
        <line num="11" count="2" type="stmt"/>
        <line num="12" count="2" type="stmt"/>
        <line num="13" count="0" type="stmt"/>
        <line num="17" count="2" type="stmt"/>
        <line num="18" count="2" type="stmt"/>
        <line num="19" count="0" type="stmt"/>
        <line num="20" count="0" type="stmt"/>
        <line num="21" count="0" type="stmt"/>
        <line num="22" count="0" type="stmt"/>
        <line num="26" count="2" type="stmt"/>
        <line num="29" count="2" type="stmt"/>
        <line num="30" count="0" type="stmt"/>
        <line num="33" count="2" type="stmt"/>
        <line num="35" count="2" type="stmt"/>
        <line num="37" count="2" type="stmt"/>
        <line num="41" count="2" type="stmt"/>
      </file>
    </package>
    <package name="frameworks.ui.pages.character-detail">
      <metrics statements="12" coveredstatements="12" conditionals="23" coveredconditionals="17" methods="2" coveredmethods="2"/>
      <file name="character-detail.tsx" path="C:\WebApps\marvel-wiki\src\frameworks\ui\pages\character-detail\character-detail.tsx">
        <metrics statements="12" coveredstatements="12" conditionals="23" coveredconditionals="17" methods="2" coveredmethods="2"/>
        <line num="1" count="1" type="stmt"/>
        <line num="2" count="1" type="stmt"/>
        <line num="3" count="1" type="stmt"/>
        <line num="4" count="1" type="stmt"/>
        <line num="5" count="1" type="stmt"/>
        <line num="6" count="1" type="stmt"/>
        <line num="9" count="1" type="stmt"/>
        <line num="20" count="2" type="stmt"/>
        <line num="22" count="2" type="cond" truecount="1" falsecount="0"/>
        <line num="24" count="1" type="stmt"/>
        <line num="61" count="2" type="stmt"/>
        <line num="74" count="1" type="stmt"/>
      </file>
    </package>
    <package name="frameworks.ui.pages.character-detail.components">
      <metrics statements="2" coveredstatements="2" conditionals="0" coveredconditionals="0" methods="1" coveredmethods="1"/>
      <file name="comic-card.tsx" path="C:\WebApps\marvel-wiki\src\frameworks\ui\pages\character-detail\components\comic-card.tsx">
        <metrics statements="2" coveredstatements="2" conditionals="0" coveredconditionals="0" methods="1" coveredmethods="1"/>
        <line num="5" count="1" type="stmt"/>
        <line num="6" count="2" type="stmt"/>
      </file>
    </package>
    <package name="frameworks.ui.pages.character-detail.hooks">
      <metrics statements="24" coveredstatements="13" conditionals="4" coveredconditionals="0" methods="5" coveredmethods="1"/>
      <file name="use-character-detail-controller.ts" path="C:\WebApps\marvel-wiki\src\frameworks\ui\pages\character-detail\hooks\use-character-detail-controller.ts">
        <metrics statements="24" coveredstatements="13" conditionals="4" coveredconditionals="0" methods="5" coveredmethods="1"/>
        <line num="1" count="2" type="stmt"/>
        <line num="2" count="2" type="stmt"/>
        <line num="5" count="2" type="stmt"/>
        <line num="7" count="2" type="stmt"/>
        <line num="10" count="2" type="stmt"/>
        <line num="11" count="2" type="stmt"/>
        <line num="12" count="2" type="stmt"/>
        <line num="13" count="2" type="stmt"/>
        <line num="16" count="2" type="stmt"/>
        <line num="17" count="0" type="cond" truecount="0" falsecount="1"/>
        <line num="18" count="0" type="stmt"/>
        <line num="19" count="0" type="stmt"/>
        <line num="20" count="0" type="stmt"/>
        <line num="25" count="2" type="stmt"/>
        <line num="26" count="0" type="cond" truecount="0" falsecount="3"/>
        <line num="27" count="0" type="stmt"/>
        <line num="28" count="0" type="stmt"/>
        <line num="29" count="0" type="stmt"/>
        <line num="30" count="0" type="stmt"/>
        <line num="34" count="2" type="stmt"/>
        <line num="35" count="0" type="stmt"/>
        <line num="39" count="2" type="stmt"/>
        <line num="40" count="0" type="stmt"/>
        <line num="44" count="2" type="stmt"/>
      </file>
    </package>
    <package name="frameworks.ui.pages.characters-list">
      <metrics statements="10" coveredstatements="10" conditionals="23" coveredconditionals="19" methods="2" coveredmethods="2"/>
      <file name="characters-list.tsx" path="C:\WebApps\marvel-wiki\src\frameworks\ui\pages\characters-list\characters-list.tsx">
        <metrics statements="10" coveredstatements="10" conditionals="23" coveredconditionals="19" methods="2" coveredmethods="2"/>
        <line num="1" count="1" type="stmt"/>
        <line num="2" count="1" type="stmt"/>
        <line num="3" count="1" type="stmt"/>
        <line num="4" count="1" type="stmt"/>
        <line num="5" count="1" type="stmt"/>
        <line num="8" count="1" type="stmt"/>
        <line num="9" count="4" type="stmt"/>
        <line num="11" count="4" type="stmt"/>
        <line num="20" count="1" type="cond" truecount="6" falsecount="2"/>
        <line num="34" count="1" type="stmt"/>
      </file>
    </package>
    <package name="frameworks.ui.pages.characters-list.hooks">
      <metrics statements="6" coveredstatements="6" conditionals="0" coveredconditionals="0" methods="1" coveredmethods="1"/>
      <file name="use-characters-list-controller.ts" path="C:\WebApps\marvel-wiki\src\frameworks\ui\pages\characters-list\hooks\use-characters-list-controller.ts">
        <metrics statements="6" coveredstatements="6" conditionals="0" coveredconditionals="0" methods="1" coveredmethods="1"/>
        <line num="1" count="2" type="stmt"/>
        <line num="2" count="2" type="stmt"/>
        <line num="5" count="2" type="stmt"/>
        <line num="7" count="3" type="stmt"/>
        <line num="9" count="3" type="stmt"/>
        <line num="12" count="3" type="stmt"/>
      </file>
    </package>
    <package name="frameworks.ui.pages.favourites">
      <metrics statements="7" coveredstatements="7" conditionals="0" coveredconditionals="0" methods="1" coveredmethods="1"/>
      <file name="favourites.tsx" path="C:\WebApps\marvel-wiki\src\frameworks\ui\pages\favourites\favourites.tsx">
        <metrics statements="7" coveredstatements="7" conditionals="0" coveredconditionals="0" methods="1" coveredmethods="1"/>
        <line num="1" count="1" type="stmt"/>
        <line num="2" count="1" type="stmt"/>
        <line num="3" count="1" type="stmt"/>
        <line num="6" count="1" type="stmt"/>
        <line num="7" count="2" type="stmt"/>
        <line num="9" count="2" type="stmt"/>
        <line num="19" count="1" type="stmt"/>
      </file>
    </package>
    <package name="frameworks.ui.pages.favourites.hooks">
      <metrics statements="14" coveredstatements="14" conditionals="0" coveredconditionals="0" methods="5" coveredmethods="5"/>
      <file name="use-favourites-controller.ts" path="C:\WebApps\marvel-wiki\src\frameworks\ui\pages\favourites\hooks\use-favourites-controller.ts">
        <metrics statements="14" coveredstatements="14" conditionals="0" coveredconditionals="0" methods="5" coveredmethods="5"/>
        <line num="1" count="2" type="stmt"/>
        <line num="2" count="2" type="stmt"/>
        <line num="6" count="2" type="stmt"/>
        <line num="8" count="6" type="stmt"/>
        <line num="10" count="6" type="stmt"/>
        <line num="12" count="6" type="stmt"/>
        <line num="14" count="4" type="stmt"/>
        <line num="15" count="4" type="stmt"/>
        <line num="16" count="4" type="stmt"/>
        <line num="19" count="4" type="stmt"/>
        <line num="22" count="4" type="stmt"/>
        <line num="24" count="4" type="stmt"/>
        <line num="26" count="4" type="stmt"/>
        <line num="31" count="6" type="stmt"/>
      </file>
    </package>
    <package name="frameworks.ui.pages.not-found">
      <metrics statements="4" coveredstatements="4" conditionals="0" coveredconditionals="0" methods="1" coveredmethods="1"/>
      <file name="not-found.tsx" path="C:\WebApps\marvel-wiki\src\frameworks\ui\pages\not-found\not-found.tsx">
        <metrics statements="4" coveredstatements="4" conditionals="0" coveredconditionals="0" methods="1" coveredmethods="1"/>
        <line num="2" count="2" type="stmt"/>
        <line num="4" count="2" type="stmt"/>
        <line num="5" count="2" type="stmt"/>
        <line num="12" count="2" type="stmt"/>
      </file>
    </package>
  </project>
</coverage>
