{"C:\\WebApps\\marvel-wiki\\src\\adapters\\character-adapter.ts": {"path":"C:\\WebApps\\marvel-wiki\\src\\adapters\\character-adapter.ts","statementMap":{"0":{"start":{"line":13,"column":30},"end":{"line":29,"column":3}},"1":{"start":{"line":17,"column":17},"end":{"line":29,"column":3}},"2":{"start":{"line":13,"column":13},"end":{"line":13,"column":30}}},"fnMap":{"0":{"name":"(anonymous_0)","decl":{"start":{"line":13,"column":30},"end":{"line":13,"column":31}},"loc":{"start":{"line":17,"column":16},"end":{"line":29,"column":3}}}},"branchMap":{"0":{"loc":{"start":{"line":23,"column":15},"end":{"line":23,"column":97}},"type":"cond-expr","locations":[{"start":{"line":23,"column":43},"end":{"line":23,"column":68}},{"start":{"line":23,"column":71},"end":{"line":23,"column":97}}]},"1":{"loc":{"start":{"line":26,"column":4},"end":{"line":28,"column":30}},"type":"cond-expr","locations":[{"start":{"line":27,"column":8},"end":{"line":27,"column":80}},{"start":{"line":28,"column":8},"end":{"line":28,"column":30}}]},"2":{"loc":{"start":{"line":26,"column":4},"end":{"line":26,"column":96}},"type":"binary-expr","locations":[{"start":{"line":26,"column":4},"end":{"line":26,"column":27}},{"start":{"line":26,"column":31},"end":{"line":26,"column":59}},{"start":{"line":26,"column":63},"end":{"line":26,"column":96}}]},"3":{"loc":{"start":{"line":27,"column":11},"end":{"line":27,"column":40}},"type":"cond-expr","locations":[{"start":{"line":27,"column":34},"end":{"line":27,"column":36}},{"start":{"line":27,"column":34},"end":{"line":27,"column":40}}]},"4":{"loc":{"start":{"line":27,"column":11},"end":{"line":27,"column":36}},"type":"binary-expr","locations":[{"start":{"line":27,"column":11},"end":{"line":27,"column":36}},{"start":{"line":27,"column":34},"end":{"line":27,"column":36}}]},"5":{"loc":{"start":{"line":27,"column":44},"end":{"line":27,"column":78}},"type":"cond-expr","locations":[{"start":{"line":27,"column":67},"end":{"line":27,"column":69}},{"start":{"line":27,"column":67},"end":{"line":27,"column":78}}]},"6":{"loc":{"start":{"line":27,"column":44},"end":{"line":27,"column":69}},"type":"binary-expr","locations":[{"start":{"line":27,"column":44},"end":{"line":27,"column":69}},{"start":{"line":27,"column":67},"end":{"line":27,"column":69}}]}},"s":{"0":9,"1":8,"2":9},"f":{"0":8},"b":{"0":[3,5],"1":[3,5],"2":[8,7,3],"3":[0,3],"4":[3,3],"5":[0,3],"6":[3,3]}}
,"C:\\WebApps\\marvel-wiki\\src\\adapters\\comic-adapter.ts": {"path":"C:\\WebApps\\marvel-wiki\\src\\adapters\\comic-adapter.ts","statementMap":{"0":{"start":{"line":13,"column":26},"end":{"line":25,"column":3}},"1":{"start":{"line":13,"column":57},"end":{"line":25,"column":3}},"2":{"start":{"line":24,"column":43},"end":{"line":24,"column":69}},"3":{"start":{"line":13,"column":13},"end":{"line":13,"column":26}}},"fnMap":{"0":{"name":"(anonymous_0)","decl":{"start":{"line":13,"column":26},"end":{"line":13,"column":27}},"loc":{"start":{"line":13,"column":56},"end":{"line":25,"column":3}}},"1":{"name":"(anonymous_1)","decl":{"start":{"line":24,"column":33},"end":{"line":24,"column":34}},"loc":{"start":{"line":24,"column":43},"end":{"line":24,"column":69}}}},"branchMap":{"0":{"loc":{"start":{"line":18,"column":4},"end":{"line":20,"column":30}},"type":"cond-expr","locations":[{"start":{"line":19,"column":8},"end":{"line":19,"column":62}},{"start":{"line":20,"column":8},"end":{"line":20,"column":30}}]},"1":{"loc":{"start":{"line":19,"column":11},"end":{"line":19,"column":31}},"type":"cond-expr","locations":[{"start":{"line":19,"column":25},"end":{"line":19,"column":27}},{"start":{"line":19,"column":25},"end":{"line":19,"column":31}}]},"2":{"loc":{"start":{"line":19,"column":11},"end":{"line":19,"column":27}},"type":"binary-expr","locations":[{"start":{"line":19,"column":11},"end":{"line":19,"column":27}},{"start":{"line":19,"column":25},"end":{"line":19,"column":27}}]},"3":{"loc":{"start":{"line":19,"column":35},"end":{"line":19,"column":60}},"type":"cond-expr","locations":[{"start":{"line":19,"column":49},"end":{"line":19,"column":51}},{"start":{"line":19,"column":49},"end":{"line":19,"column":60}}]},"4":{"loc":{"start":{"line":19,"column":35},"end":{"line":19,"column":51}},"type":"binary-expr","locations":[{"start":{"line":19,"column":35},"end":{"line":19,"column":51}},{"start":{"line":19,"column":49},"end":{"line":19,"column":51}}]},"5":{"loc":{"start":{"line":24,"column":17},"end":{"line":24,"column":82}},"type":"cond-expr","locations":[{"start":{"line":24,"column":76},"end":{"line":24,"column":80}},{"start":{"line":24,"column":80},"end":{"line":24,"column":82}}]},"6":{"loc":{"start":{"line":24,"column":17},"end":{"line":24,"column":80}},"type":"binary-expr","locations":[{"start":{"line":24,"column":17},"end":{"line":24,"column":80}},{"start":{"line":24,"column":76},"end":{"line":24,"column":80}}]},"7":{"loc":{"start":{"line":24,"column":17},"end":{"line":24,"column":76}},"type":"cond-expr","locations":[{"start":{"line":24,"column":70},"end":{"line":24,"column":72}},{"start":{"line":24,"column":70},"end":{"line":24,"column":76}}]},"8":{"loc":{"start":{"line":24,"column":17},"end":{"line":24,"column":72}},"type":"binary-expr","locations":[{"start":{"line":24,"column":17},"end":{"line":24,"column":72}},{"start":{"line":24,"column":70},"end":{"line":24,"column":72}}]}},"s":{"0":5,"1":6,"2":3,"3":5},"f":{"0":6,"1":3},"b":{"0":[3,3],"1":[0,3],"2":[3,3],"3":[0,3],"4":[3,3],"5":[3,3],"6":[6,6],"7":[3,3],"8":[6,6]}}
,"C:\\WebApps\\marvel-wiki\\src\\frameworks\\tanstack-query\\query-client.ts": {"path":"C:\\WebApps\\marvel-wiki\\src\\frameworks\\tanstack-query\\query-client.ts","statementMap":{"0":{"start":{"line":1,"column":0},"end":{"line":1,"column":84}},"1":{"start":{"line":2,"column":0},"end":{"line":2,"column":68}},"2":{"start":{"line":4,"column":13},"end":{"line":4,"column":45}},"3":{"start":{"line":6,"column":36},"end":{"line":13,"column":2}},"4":{"start":{"line":15,"column":13},"end":{"line":17,"column":3}},"5":{"start":{"line":19,"column":13},"end":{"line":21,"column":3}}},"fnMap":{},"branchMap":{},"s":{"0":5,"1":5,"2":5,"3":5,"4":5,"5":5},"f":{},"b":{}}
,"C:\\WebApps\\marvel-wiki\\src\\frameworks\\tanstack-query\\use-get-character-detail.ts": {"path":"C:\\WebApps\\marvel-wiki\\src\\frameworks\\tanstack-query\\use-get-character-detail.ts","statementMap":{"0":{"start":{"line":1,"column":0},"end":{"line":1,"column":51}},"1":{"start":{"line":2,"column":0},"end":{"line":2,"column":66}},"2":{"start":{"line":3,"column":0},"end":{"line":3,"column":52}},"3":{"start":{"line":4,"column":0},"end":{"line":4,"column":72}},"4":{"start":{"line":5,"column":0},"end":{"line":5,"column":45}},"5":{"start":{"line":10,"column":42},"end":{"line":44,"column":1}},"6":{"start":{"line":11,"column":22},"end":{"line":11,"column":37}},"7":{"start":{"line":13,"column":24},"end":{"line":16,"column":4}},"8":{"start":{"line":13,"column":55},"end":{"line":16,"column":4}},"9":{"start":{"line":14,"column":21},"end":{"line":14,"column":82}},"10":{"start":{"line":15,"column":4},"end":{"line":15,"column":76}},"11":{"start":{"line":18,"column":23},"end":{"line":23,"column":4}},"12":{"start":{"line":18,"column":52},"end":{"line":23,"column":4}},"13":{"start":{"line":19,"column":21},"end":{"line":20,"column":null}},"14":{"start":{"line":22,"column":4},"end":{"line":22,"column":89}},"15":{"start":{"line":22,"column":69},"end":{"line":22,"column":87}},"16":{"start":{"line":25,"column":18},"end":{"line":36,"column":4}},"17":{"start":{"line":38,"column":2},"end":{"line":43,"column":4}},"18":{"start":{"line":41,"column":39},"end":{"line":41,"column":54}},"19":{"start":{"line":42,"column":35},"end":{"line":42,"column":46}},"20":{"start":{"line":10,"column":13},"end":{"line":10,"column":42}}},"fnMap":{"0":{"name":"(anonymous_7)","decl":{"start":{"line":10,"column":42},"end":{"line":10,"column":45}},"loc":{"start":{"line":10,"column":47},"end":{"line":44,"column":1}}},"1":{"name":"(anonymous_8)","decl":{"start":{"line":13,"column":24},"end":{"line":13,"column":53}},"loc":{"start":{"line":13,"column":55},"end":{"line":16,"column":4}}},"2":{"name":"(anonymous_9)","decl":{"start":{"line":13,"column":55},"end":{"line":13,"column":null}},"loc":{"start":{"line":13,"column":55},"end":{"line":16,"column":3}}},"3":{"name":"(anonymous_10)","decl":{"start":{"line":18,"column":23},"end":{"line":18,"column":50}},"loc":{"start":{"line":18,"column":52},"end":{"line":23,"column":4}}},"4":{"name":"(anonymous_11)","decl":{"start":{"line":18,"column":52},"end":{"line":18,"column":null}},"loc":{"start":{"line":18,"column":52},"end":{"line":23,"column":3}}},"5":{"name":"(anonymous_12)","decl":{"start":{"line":22,"column":43},"end":{"line":22,"column":44}},"loc":{"start":{"line":22,"column":69},"end":{"line":22,"column":87}}},"6":{"name":"(anonymous_13)","decl":{"start":{"line":41,"column":28},"end":{"line":41,"column":29}},"loc":{"start":{"line":41,"column":39},"end":{"line":41,"column":54}}},"7":{"name":"(anonymous_14)","decl":{"start":{"line":42,"column":24},"end":{"line":42,"column":25}},"loc":{"start":{"line":42,"column":35},"end":{"line":42,"column":46}}}},"branchMap":{"0":{"loc":{"start":{"line":11,"column":22},"end":{"line":11,"column":37}},"type":"cond-expr","locations":[{"start":{"line":11,"column":33},"end":{"line":11,"column":35}},{"start":{"line":11,"column":33},"end":{"line":11,"column":37}}]},"1":{"loc":{"start":{"line":11,"column":22},"end":{"line":11,"column":35}},"type":"binary-expr","locations":[{"start":{"line":11,"column":22},"end":{"line":11,"column":35}},{"start":{"line":11,"column":33},"end":{"line":11,"column":35}}]},"2":{"loc":{"start":{"line":22,"column":11},"end":{"line":22,"column":88}},"type":"cond-expr","locations":[{"start":{"line":22,"column":37},"end":{"line":22,"column":39}},{"start":{"line":22,"column":37},"end":{"line":22,"column":88}}]},"3":{"loc":{"start":{"line":22,"column":11},"end":{"line":22,"column":39}},"type":"binary-expr","locations":[{"start":{"line":22,"column":11},"end":{"line":22,"column":39}},{"start":{"line":22,"column":37},"end":{"line":22,"column":39}}]}},"s":{"0":3,"1":3,"2":3,"3":3,"4":3,"5":3,"6":2,"7":2,"8":1,"9":1,"10":1,"11":2,"12":1,"13":1,"14":1,"15":1,"16":2,"17":2,"18":3,"19":4,"20":3},"f":{"0":2,"1":1,"2":1,"3":1,"4":1,"5":1,"6":3,"7":4},"b":{"0":[0,2],"1":[2,2],"2":[0,1],"3":[1,1]}}
,"C:\\WebApps\\marvel-wiki\\src\\frameworks\\tanstack-query\\use-get-characters.ts": {"path":"C:\\WebApps\\marvel-wiki\\src\\frameworks\\tanstack-query\\use-get-characters.ts","statementMap":{"0":{"start":{"line":1,"column":0},"end":{"line":1,"column":49}},"1":{"start":{"line":2,"column":0},"end":{"line":2,"column":84}},"2":{"start":{"line":3,"column":0},"end":{"line":3,"column":52}},"3":{"start":{"line":7,"column":37},"end":{"line":30,"column":1}},"4":{"start":{"line":8,"column":18},"end":{"line":17,"column":4}},"5":{"start":{"line":8,"column":43},"end":{"line":17,"column":4}},"6":{"start":{"line":9,"column":14},"end":{"line":9,"column":46}},"7":{"start":{"line":10,"column":4},"end":{"line":12,"column":5}},"8":{"start":{"line":11,"column":6},"end":{"line":11,"column":41}},"9":{"start":{"line":13,"column":21},"end":{"line":13,"column":47}},"10":{"start":{"line":14,"column":4},"end":{"line":16,"column":6}},"11":{"start":{"line":15,"column":6},"end":{"line":15,"column":47}},"12":{"start":{"line":19,"column":37},"end":{"line":23,"column":4}},"13":{"start":{"line":21,"column":19},"end":{"line":21,"column":38}},"14":{"start":{"line":25,"column":2},"end":{"line":29,"column":4}},"15":{"start":{"line":7,"column":13},"end":{"line":7,"column":37}}},"fnMap":{"0":{"name":"(anonymous_7)","decl":{"start":{"line":7,"column":37},"end":{"line":7,"column":38}},"loc":{"start":{"line":7,"column":60},"end":{"line":30,"column":1}}},"1":{"name":"(anonymous_8)","decl":{"start":{"line":8,"column":18},"end":{"line":8,"column":25}},"loc":{"start":{"line":8,"column":43},"end":{"line":17,"column":4}}},"2":{"name":"(anonymous_9)","decl":{"start":{"line":8,"column":43},"end":{"line":8,"column":null}},"loc":{"start":{"line":8,"column":43},"end":{"line":17,"column":3}}},"3":{"name":"(anonymous_10)","decl":{"start":{"line":14,"column":43},"end":{"line":14,"column":44}},"loc":{"start":{"line":15,"column":6},"end":{"line":15,"column":47}}},"4":{"name":"(anonymous_11)","decl":{"start":{"line":21,"column":13},"end":{"line":21,"column":16}},"loc":{"start":{"line":21,"column":19},"end":{"line":21,"column":38}}}},"branchMap":{"0":{"loc":{"start":{"line":10,"column":4},"end":{"line":12,"column":5}},"type":"if","locations":[{"start":{"line":10,"column":4},"end":{"line":12,"column":5}}]},"1":{"loc":{"start":{"line":14,"column":11},"end":{"line":15,"column":null}},"type":"cond-expr","locations":[{"start":{"line":14,"column":37},"end":{"line":14,"column":39}},{"start":{"line":14,"column":37},"end":{"line":15,"column":null}}]},"2":{"loc":{"start":{"line":14,"column":11},"end":{"line":14,"column":39}},"type":"binary-expr","locations":[{"start":{"line":14,"column":11},"end":{"line":14,"column":39}},{"start":{"line":14,"column":37},"end":{"line":14,"column":39}}]}},"s":{"0":3,"1":3,"2":3,"3":3,"4":2,"5":1,"6":1,"7":1,"8":1,"9":1,"10":1,"11":1,"12":2,"13":1,"14":2,"15":3},"f":{"0":2,"1":1,"2":1,"3":1,"4":1},"b":{"0":[1],"1":[0,1],"2":[1,1]}}
,"C:\\WebApps\\marvel-wiki\\src\\frameworks\\ui\\components\\alert-message.tsx": {"path":"C:\\WebApps\\marvel-wiki\\src\\frameworks\\ui\\components\\alert-message.tsx","statementMap":{"0":{"start":{"line":10,"column":51},"end":{"line":16,"column":1}},"1":{"start":{"line":11,"column":2},"end":{"line":15,"column":4}},"2":{"start":{"line":10,"column":13},"end":{"line":10,"column":51}}},"fnMap":{"0":{"name":"(anonymous_0)","decl":{"start":{"line":10,"column":51},"end":{"line":10,"column":52}},"loc":{"start":{"line":10,"column":73},"end":{"line":16,"column":1}}}},"branchMap":{},"s":{"0":7,"1":6,"2":7},"f":{"0":6},"b":{}}
,"C:\\WebApps\\marvel-wiki\\src\\frameworks\\ui\\components\\character-card.tsx": {"path":"C:\\WebApps\\marvel-wiki\\src\\frameworks\\ui\\components\\character-card.tsx","statementMap":{"0":{"start":{"line":3,"column":0},"end":{"line":3,"column":40}},"1":{"start":{"line":4,"column":0},"end":{"line":4,"column":41}},"2":{"start":{"line":10,"column":53},"end":{"line":34,"column":1}},"3":{"start":{"line":11,"column":2},"end":{"line":33,"column":4}},"4":{"start":{"line":20,"column":14},"end":{"line":20,"column":63}},"5":{"start":{"line":10,"column":13},"end":{"line":10,"column":53}}},"fnMap":{"0":{"name":"(anonymous_0)","decl":{"start":{"line":10,"column":53},"end":{"line":10,"column":54}},"loc":{"start":{"line":10,"column":81},"end":{"line":34,"column":1}}},"1":{"name":"(anonymous_1)","decl":{"start":{"line":19,"column":21},"end":{"line":19,"column":22}},"loc":{"start":{"line":19,"column":31},"end":{"line":21,"column":13}}}},"branchMap":{},"s":{"0":4,"1":4,"2":4,"3":5,"4":0,"5":4},"f":{"0":5,"1":0},"b":{}}
,"C:\\WebApps\\marvel-wiki\\src\\frameworks\\ui\\components\\characters-cards-list.tsx": {"path":"C:\\WebApps\\marvel-wiki\\src\\frameworks\\ui\\components\\characters-cards-list.tsx","statementMap":{"0":{"start":{"line":2,"column":0},"end":{"line":2,"column":69}},"1":{"start":{"line":3,"column":0},"end":{"line":3,"column":47}},"2":{"start":{"line":11,"column":61},"end":{"line":30,"column":1}},"3":{"start":{"line":12,"column":2},"end":{"line":29,"column":4}},"4":{"start":{"line":17,"column":12},"end":{"line":18,"column":null}},"5":{"start":{"line":11,"column":13},"end":{"line":11,"column":61}}},"fnMap":{"0":{"name":"(anonymous_0)","decl":{"start":{"line":11,"column":61},"end":{"line":11,"column":62}},"loc":{"start":{"line":11,"column":75},"end":{"line":30,"column":1}}},"1":{"name":"(anonymous_1)","decl":{"start":{"line":16,"column":22},"end":{"line":16,"column":23}},"loc":{"start":{"line":17,"column":12},"end":{"line":18,"column":null}}}},"branchMap":{"0":{"loc":{"start":{"line":14,"column":7},"end":{"line":26,"column":null}},"type":"cond-expr","locations":[{"start":{"line":15,"column":8},"end":{"line":23,"column":null}},{"start":{"line":26,"column":8},"end":{"line":26,"column":66}}]},"1":{"loc":{"start":{"line":14,"column":7},"end":{"line":14,"column":32}},"type":"binary-expr","locations":[{"start":{"line":14,"column":7},"end":{"line":14,"column":12}},{"start":{"line":14,"column":16},"end":{"line":14,"column":32}}]},"2":{"loc":{"start":{"line":16,"column":11},"end":{"line":23,"column":12}},"type":"cond-expr","locations":[{"start":{"line":16,"column":16},"end":{"line":16,"column":18}},{"start":{"line":16,"column":11},"end":{"line":23,"column":12}}]},"3":{"loc":{"start":{"line":16,"column":11},"end":{"line":16,"column":18}},"type":"binary-expr","locations":[{"start":{"line":16,"column":11},"end":{"line":16,"column":18}},{"start":{"line":16,"column":11},"end":{"line":16,"column":18}}]}},"s":{"0":3,"1":3,"2":3,"3":5,"4":4,"5":3},"f":{"0":5,"1":4},"b":{"0":[3,2],"1":[5,5],"2":[0,3],"3":[3,3]}}
,"C:\\WebApps\\marvel-wiki\\src\\frameworks\\ui\\components\\fav-button.tsx": {"path":"C:\\WebApps\\marvel-wiki\\src\\frameworks\\ui\\components\\fav-button.tsx","statementMap":{"0":{"start":{"line":1,"column":0},"end":{"line":1,"column":56}},"1":{"start":{"line":3,"column":0},"end":{"line":3,"column":79}},"2":{"start":{"line":4,"column":0},"end":{"line":4,"column":36}},"3":{"start":{"line":12,"column":45},"end":{"line":73,"column":1}},"4":{"start":{"line":15,"column":28},"end":{"line":15,"column":43}},"5":{"start":{"line":16,"column":36},"end":{"line":16,"column":51}},"6":{"start":{"line":17,"column":20},"end":{"line":17,"column":51}},"7":{"start":{"line":20,"column":2},"end":{"line":32,"column":21}},"8":{"start":{"line":21,"column":23},"end":{"line":29,"column":6}},"9":{"start":{"line":21,"column":34},"end":{"line":29,"column":6}},"10":{"start":{"line":22,"column":17},"end":{"line":22,"column":31}},"11":{"start":{"line":23,"column":26},"end":{"line":23,"column":65}},"12":{"start":{"line":24,"column":20},"end":{"line":24,"column":56}},"13":{"start":{"line":25,"column":22},"end":{"line":25,"column":45}},"14":{"start":{"line":26,"column":6},"end":{"line":28,"column":8}},"15":{"start":{"line":27,"column":8},"end":{"line":27,"column":35}},"16":{"start":{"line":31,"column":4},"end":{"line":31,"column":17}},"17":{"start":{"line":35,"column":2},"end":{"line":47,"column":18}},"18":{"start":{"line":36,"column":29},"end":{"line":36,"column":53}},"19":{"start":{"line":36,"column":35},"end":{"line":36,"column":53}},"20":{"start":{"line":37,"column":29},"end":{"line":37,"column":54}},"21":{"start":{"line":37,"column":35},"end":{"line":37,"column":54}},"22":{"start":{"line":39,"column":23},"end":{"line":39,"column":64}},"23":{"start":{"line":40,"column":4},"end":{"line":40,"column":65}},"24":{"start":{"line":41,"column":4},"end":{"line":41,"column":65}},"25":{"start":{"line":43,"column":4},"end":{"line":46,"column":6}},"26":{"start":{"line":44,"column":6},"end":{"line":44,"column":70}},"27":{"start":{"line":45,"column":6},"end":{"line":45,"column":70}},"28":{"start":{"line":50,"column":25},"end":{"line":58,"column":4}},"29":{"start":{"line":50,"column":55},"end":{"line":58,"column":4}},"30":{"start":{"line":51,"column":4},"end":{"line":51,"column":23}},"31":{"start":{"line":52,"column":4},"end":{"line":56,"column":5}},"32":{"start":{"line":53,"column":6},"end":{"line":53,"column":41}},"33":{"start":{"line":55,"column":6},"end":{"line":55,"column":35}},"34":{"start":{"line":57,"column":4},"end":{"line":57,"column":21}},"35":{"start":{"line":60,"column":2},"end":{"line":72,"column":4}},"36":{"start":{"line":12,"column":13},"end":{"line":12,"column":45}}},"fnMap":{"0":{"name":"(anonymous_8)","decl":{"start":{"line":12,"column":45},"end":{"line":12,"column":46}},"loc":{"start":{"line":14,"column":5},"end":{"line":73,"column":1}}},"1":{"name":"(anonymous_9)","decl":{"start":{"line":20,"column":12},"end":{"line":20,"column":15}},"loc":{"start":{"line":20,"column":17},"end":{"line":32,"column":3}}},"2":{"name":"(anonymous_10)","decl":{"start":{"line":21,"column":23},"end":{"line":21,"column":32}},"loc":{"start":{"line":21,"column":34},"end":{"line":29,"column":6}}},"3":{"name":"(anonymous_11)","decl":{"start":{"line":21,"column":34},"end":{"line":21,"column":null}},"loc":{"start":{"line":21,"column":34},"end":{"line":29,"column":5}}},"4":{"name":"(anonymous_12)","decl":{"start":{"line":26,"column":26},"end":{"line":26,"column":29}},"loc":{"start":{"line":26,"column":31},"end":{"line":28,"column":7}}},"5":{"name":"(anonymous_13)","decl":{"start":{"line":35,"column":12},"end":{"line":35,"column":15}},"loc":{"start":{"line":35,"column":17},"end":{"line":47,"column":3}}},"6":{"name":"(anonymous_14)","decl":{"start":{"line":36,"column":29},"end":{"line":36,"column":32}},"loc":{"start":{"line":36,"column":35},"end":{"line":36,"column":53}}},"7":{"name":"(anonymous_15)","decl":{"start":{"line":37,"column":29},"end":{"line":37,"column":32}},"loc":{"start":{"line":37,"column":35},"end":{"line":37,"column":54}}},"8":{"name":"(anonymous_16)","decl":{"start":{"line":43,"column":11},"end":{"line":43,"column":14}},"loc":{"start":{"line":43,"column":16},"end":{"line":46,"column":5}}},"9":{"name":"(anonymous_17)","decl":{"start":{"line":50,"column":25},"end":{"line":50,"column":32}},"loc":{"start":{"line":50,"column":55},"end":{"line":58,"column":4}}},"10":{"name":"(anonymous_18)","decl":{"start":{"line":50,"column":55},"end":{"line":50,"column":null}},"loc":{"start":{"line":50,"column":55},"end":{"line":58,"column":3}}}},"branchMap":{"0":{"loc":{"start":{"line":13,"column":2},"end":{"line":13,"column":48}},"type":"default-arg","locations":[{"start":{"line":13,"column":14},"end":{"line":13,"column":48}}]},"1":{"loc":{"start":{"line":39,"column":23},"end":{"line":39,"column":64}},"type":"cond-expr","locations":[{"start":{"line":39,"column":41},"end":{"line":39,"column":43}},{"start":{"line":39,"column":41},"end":{"line":39,"column":64}}]},"2":{"loc":{"start":{"line":39,"column":23},"end":{"line":39,"column":43}},"type":"binary-expr","locations":[{"start":{"line":39,"column":23},"end":{"line":39,"column":43}},{"start":{"line":39,"column":41},"end":{"line":39,"column":43}}]},"3":{"loc":{"start":{"line":39,"column":23},"end":{"line":39,"column":41}},"type":"cond-expr","locations":[{"start":{"line":39,"column":32},"end":{"line":39,"column":34}},{"start":{"line":39,"column":23},"end":{"line":39,"column":41}}]},"4":{"loc":{"start":{"line":39,"column":23},"end":{"line":39,"column":34}},"type":"binary-expr","locations":[{"start":{"line":39,"column":23},"end":{"line":39,"column":34}},{"start":{"line":39,"column":23},"end":{"line":39,"column":34}}]},"5":{"loc":{"start":{"line":40,"column":4},"end":{"line":40,"column":64}},"type":"cond-expr","locations":[{"start":{"line":40,"column":14},"end":{"line":40,"column":16}},{"start":{"line":40,"column":4},"end":{"line":40,"column":64}}]},"6":{"loc":{"start":{"line":40,"column":4},"end":{"line":40,"column":16}},"type":"binary-expr","locations":[{"start":{"line":40,"column":4},"end":{"line":40,"column":16}},{"start":{"line":40,"column":4},"end":{"line":40,"column":16}}]},"7":{"loc":{"start":{"line":41,"column":4},"end":{"line":41,"column":64}},"type":"cond-expr","locations":[{"start":{"line":41,"column":14},"end":{"line":41,"column":16}},{"start":{"line":41,"column":4},"end":{"line":41,"column":64}}]},"8":{"loc":{"start":{"line":41,"column":4},"end":{"line":41,"column":16}},"type":"binary-expr","locations":[{"start":{"line":41,"column":4},"end":{"line":41,"column":16}},{"start":{"line":41,"column":4},"end":{"line":41,"column":16}}]},"9":{"loc":{"start":{"line":44,"column":6},"end":{"line":44,"column":69}},"type":"cond-expr","locations":[{"start":{"line":44,"column":16},"end":{"line":44,"column":18}},{"start":{"line":44,"column":6},"end":{"line":44,"column":69}}]},"10":{"loc":{"start":{"line":44,"column":6},"end":{"line":44,"column":18}},"type":"binary-expr","locations":[{"start":{"line":44,"column":6},"end":{"line":44,"column":18}},{"start":{"line":44,"column":6},"end":{"line":44,"column":18}}]},"11":{"loc":{"start":{"line":45,"column":6},"end":{"line":45,"column":69}},"type":"cond-expr","locations":[{"start":{"line":45,"column":16},"end":{"line":45,"column":18}},{"start":{"line":45,"column":6},"end":{"line":45,"column":69}}]},"12":{"loc":{"start":{"line":45,"column":6},"end":{"line":45,"column":18}},"type":"binary-expr","locations":[{"start":{"line":45,"column":6},"end":{"line":45,"column":18}},{"start":{"line":45,"column":6},"end":{"line":45,"column":18}}]},"13":{"loc":{"start":{"line":52,"column":4},"end":{"line":56,"column":5}},"type":"if","locations":[{"start":{"line":52,"column":4},"end":{"line":56,"column":5}},{"start":{"line":54,"column":11},"end":{"line":56,"column":5}}]}},"s":{"0":6,"1":6,"2":6,"3":6,"4":10,"5":10,"6":10,"7":10,"8":8,"9":8,"10":8,"11":2,"12":2,"13":2,"14":2,"15":0,"16":8,"17":10,"18":8,"19":0,"20":8,"21":0,"22":8,"23":8,"24":8,"25":8,"26":8,"27":8,"28":10,"29":2,"30":2,"31":2,"32":1,"33":1,"34":2,"35":10,"36":6},"f":{"0":10,"1":8,"2":8,"3":8,"4":0,"5":8,"6":0,"7":0,"8":8,"9":2,"10":2},"b":{"0":[0],"1":[0,8],"2":[8,8],"3":[0,8],"4":[8,8],"5":[3,5],"6":[8,5],"7":[3,5],"8":[8,5],"9":[3,5],"10":[8,5],"11":[3,5],"12":[8,5],"13":[1,1]}}
,"C:\\WebApps\\marvel-wiki\\src\\frameworks\\ui\\components\\loader.tsx": {"path":"C:\\WebApps\\marvel-wiki\\src\\frameworks\\ui\\components\\loader.tsx","statementMap":{"0":{"start":{"line":4,"column":26},"end":{"line":4,"column":78}},"1":{"start":{"line":4,"column":32},"end":{"line":4,"column":78}},"2":{"start":{"line":4,"column":13},"end":{"line":4,"column":26}}},"fnMap":{"0":{"name":"(anonymous_0)","decl":{"start":{"line":4,"column":26},"end":{"line":4,"column":29}},"loc":{"start":{"line":4,"column":32},"end":{"line":4,"column":78}}}},"branchMap":{},"s":{"0":3,"1":4,"2":3},"f":{"0":4},"b":{}}
,"C:\\WebApps\\marvel-wiki\\src\\frameworks\\ui\\components\\searcher.tsx": {"path":"C:\\WebApps\\marvel-wiki\\src\\frameworks\\ui\\components\\searcher.tsx","statementMap":{"0":{"start":{"line":11,"column":43},"end":{"line":27,"column":1}},"1":{"start":{"line":12,"column":2},"end":{"line":26,"column":4}},"2":{"start":{"line":20,"column":27},"end":{"line":20,"column":51}},"3":{"start":{"line":11,"column":13},"end":{"line":11,"column":43}}},"fnMap":{"0":{"name":"(anonymous_0)","decl":{"start":{"line":11,"column":43},"end":{"line":11,"column":44}},"loc":{"start":{"line":11,"column":81},"end":{"line":27,"column":1}}},"1":{"name":"(anonymous_1)","decl":{"start":{"line":20,"column":20},"end":{"line":20,"column":21}},"loc":{"start":{"line":20,"column":27},"end":{"line":20,"column":51}}}},"branchMap":{},"s":{"0":3,"1":10,"2":1,"3":3},"f":{"0":10,"1":1},"b":{}}
,"C:\\WebApps\\marvel-wiki\\src\\frameworks\\ui\\layouts\\main-layout\\main-layout.tsx": {"path":"C:\\WebApps\\marvel-wiki\\src\\frameworks\\ui\\layouts\\main-layout\\main-layout.tsx","statementMap":{"0":{"start":{"line":1,"column":0},"end":{"line":1,"column":42}},"1":{"start":{"line":2,"column":0},"end":{"line":2,"column":45}},"2":{"start":{"line":3,"column":0},"end":{"line":3,"column":53}},"3":{"start":{"line":4,"column":0},"end":{"line":4,"column":62}},"4":{"start":{"line":7,"column":26},"end":{"line":27,"column":1}},"5":{"start":{"line":8,"column":2},"end":{"line":26,"column":4}},"6":{"start":{"line":7,"column":13},"end":{"line":7,"column":26}}},"fnMap":{"0":{"name":"(anonymous_0)","decl":{"start":{"line":7,"column":26},"end":{"line":7,"column":29}},"loc":{"start":{"line":7,"column":31},"end":{"line":27,"column":1}}}},"branchMap":{},"s":{"0":1,"1":1,"2":1,"3":1,"4":1,"5":1,"6":1},"f":{"0":1},"b":{}}
,"C:\\WebApps\\marvel-wiki\\src\\frameworks\\ui\\layouts\\main-layout\\components\\header.tsx": {"path":"C:\\WebApps\\marvel-wiki\\src\\frameworks\\ui\\layouts\\main-layout\\components\\header.tsx","statementMap":{"0":{"start":{"line":1,"column":0},"end":{"line":1,"column":44}},"1":{"start":{"line":2,"column":0},"end":{"line":2,"column":40}},"2":{"start":{"line":3,"column":0},"end":{"line":3,"column":75}},"3":{"start":{"line":6,"column":22},"end":{"line":55,"column":1}},"4":{"start":{"line":7,"column":34},"end":{"line":7,"column":45}},"5":{"start":{"line":9,"column":2},"end":{"line":39,"column":9}},"6":{"start":{"line":11,"column":27},"end":{"line":14,"column":6}},"7":{"start":{"line":11,"column":38},"end":{"line":14,"column":6}},"8":{"start":{"line":12,"column":20},"end":{"line":12,"column":45}},"9":{"start":{"line":13,"column":6},"end":{"line":13,"column":25}},"10":{"start":{"line":17,"column":15},"end":{"line":17,"column":23}},"11":{"start":{"line":18,"column":4},"end":{"line":24,"column":7}},"12":{"start":{"line":19,"column":26},"end":{"line":19,"column":73}},"13":{"start":{"line":20,"column":20},"end":{"line":20,"column":56}},"14":{"start":{"line":21,"column":6},"end":{"line":23,"column":8}},"15":{"start":{"line":22,"column":8},"end":{"line":22,"column":25}},"16":{"start":{"line":26,"column":4},"end":{"line":26,"column":21}},"17":{"start":{"line":29,"column":35},"end":{"line":31,"column":5}},"18":{"start":{"line":30,"column":6},"end":{"line":30,"column":23}},"19":{"start":{"line":33,"column":4},"end":{"line":33,"column":74}},"20":{"start":{"line":35,"column":4},"end":{"line":38,"column":6}},"21":{"start":{"line":37,"column":6},"end":{"line":37,"column":79}},"22":{"start":{"line":41,"column":2},"end":{"line":54,"column":4}},"23":{"start":{"line":6,"column":13},"end":{"line":6,"column":22}}},"fnMap":{"0":{"name":"(anonymous_7)","decl":{"start":{"line":6,"column":22},"end":{"line":6,"column":25}},"loc":{"start":{"line":6,"column":27},"end":{"line":55,"column":1}}},"1":{"name":"(anonymous_8)","decl":{"start":{"line":9,"column":12},"end":{"line":9,"column":15}},"loc":{"start":{"line":9,"column":17},"end":{"line":39,"column":3}}},"2":{"name":"(anonymous_9)","decl":{"start":{"line":11,"column":27},"end":{"line":11,"column":36}},"loc":{"start":{"line":11,"column":38},"end":{"line":14,"column":6}}},"3":{"name":"(anonymous_10)","decl":{"start":{"line":11,"column":38},"end":{"line":11,"column":null}},"loc":{"start":{"line":11,"column":38},"end":{"line":14,"column":5}}},"4":{"name":"(anonymous_11)","decl":{"start":{"line":18,"column":12},"end":{"line":18,"column":13}},"loc":{"start":{"line":18,"column":27},"end":{"line":24,"column":5}}},"5":{"name":"(anonymous_12)","decl":{"start":{"line":21,"column":37},"end":{"line":21,"column":40}},"loc":{"start":{"line":21,"column":42},"end":{"line":23,"column":7}}},"6":{"name":"(anonymous_13)","decl":{"start":{"line":29,"column":35},"end":{"line":29,"column":38}},"loc":{"start":{"line":29,"column":40},"end":{"line":31,"column":5}}},"7":{"name":"(anonymous_14)","decl":{"start":{"line":35,"column":11},"end":{"line":35,"column":14}},"loc":{"start":{"line":35,"column":16},"end":{"line":38,"column":5}}}},"branchMap":{},"s":{"0":1,"1":1,"2":1,"3":1,"4":2,"5":2,"6":2,"7":2,"8":2,"9":0,"10":2,"11":2,"12":0,"13":0,"14":0,"15":0,"16":2,"17":2,"18":0,"19":2,"20":2,"21":2,"22":2,"23":1},"f":{"0":2,"1":2,"2":2,"3":2,"4":0,"5":0,"6":0,"7":2},"b":{}}
,"C:\\WebApps\\marvel-wiki\\src\\frameworks\\ui\\pages\\character-detail\\character-detail.tsx": {"path":"C:\\WebApps\\marvel-wiki\\src\\frameworks\\ui\\pages\\character-detail\\character-detail.tsx","statementMap":{"0":{"start":{"line":1,"column":0},"end":{"line":1,"column":36}},"1":{"start":{"line":2,"column":0},"end":{"line":2,"column":52}},"2":{"start":{"line":3,"column":0},"end":{"line":3,"column":87}},"3":{"start":{"line":4,"column":0},"end":{"line":4,"column":49}},"4":{"start":{"line":5,"column":0},"end":{"line":5,"column":56}},"5":{"start":{"line":6,"column":0},"end":{"line":6,"column":62}},"6":{"start":{"line":9,"column":24},"end":{"line":72,"column":1}},"7":{"start":{"line":20,"column":6},"end":{"line":20,"column":36}},"8":{"start":{"line":22,"column":2},"end":{"line":22,"column":35}},"9":{"start":{"line":22,"column":17},"end":{"line":22,"column":35}},"10":{"start":{"line":24,"column":2},"end":{"line":71,"column":4}},"11":{"start":{"line":61,"column":18},"end":{"line":61,"column":48}},"12":{"start":{"line":74,"column":0},"end":{"line":74,"column":31}}},"fnMap":{"0":{"name":"(anonymous_1)","decl":{"start":{"line":9,"column":24},"end":{"line":9,"column":27}},"loc":{"start":{"line":9,"column":29},"end":{"line":72,"column":1}}},"1":{"name":"(anonymous_2)","decl":{"start":{"line":60,"column":28},"end":{"line":60,"column":29}},"loc":{"start":{"line":61,"column":18},"end":{"line":61,"column":48}}}},"branchMap":{"0":{"loc":{"start":{"line":22,"column":2},"end":{"line":22,"column":35}},"type":"if","locations":[{"start":{"line":22,"column":2},"end":{"line":22,"column":35}}]},"1":{"loc":{"start":{"line":26,"column":7},"end":{"line":68,"column":null}},"type":"cond-expr","locations":[{"start":{"line":27,"column":8},"end":{"line":29,"column":null}},{"start":{"line":32,"column":8},"end":{"line":67,"column":null}}]},"2":{"loc":{"start":{"line":36,"column":19},"end":{"line":36,"column":36}},"type":"cond-expr","locations":[{"start":{"line":36,"column":25},"end":{"line":36,"column":27}},{"start":{"line":36,"column":19},"end":{"line":36,"column":36}}]},"3":{"loc":{"start":{"line":36,"column":19},"end":{"line":36,"column":27}},"type":"binary-expr","locations":[{"start":{"line":36,"column":19},"end":{"line":36,"column":27}},{"start":{"line":36,"column":19},"end":{"line":36,"column":27}}]},"4":{"loc":{"start":{"line":37,"column":32},"end":{"line":37,"column":44}},"type":"cond-expr","locations":[{"start":{"line":37,"column":38},"end":{"line":37,"column":40}},{"start":{"line":37,"column":32},"end":{"line":37,"column":44}}]},"5":{"loc":{"start":{"line":37,"column":32},"end":{"line":37,"column":40}},"type":"binary-expr","locations":[{"start":{"line":37,"column":32},"end":{"line":37,"column":40}},{"start":{"line":37,"column":32},"end":{"line":37,"column":40}}]},"6":{"loc":{"start":{"line":41,"column":23},"end":{"line":41,"column":35}},"type":"cond-expr","locations":[{"start":{"line":41,"column":29},"end":{"line":41,"column":31}},{"start":{"line":41,"column":23},"end":{"line":41,"column":35}}]},"7":{"loc":{"start":{"line":41,"column":23},"end":{"line":41,"column":31}},"type":"binary-expr","locations":[{"start":{"line":41,"column":23},"end":{"line":41,"column":31}},{"start":{"line":41,"column":23},"end":{"line":41,"column":31}}]},"8":{"loc":{"start":{"line":44,"column":62},"end":{"line":44,"column":81}},"type":"cond-expr","locations":[{"start":{"line":44,"column":68},"end":{"line":44,"column":70}},{"start":{"line":44,"column":62},"end":{"line":44,"column":81}}]},"9":{"loc":{"start":{"line":44,"column":62},"end":{"line":44,"column":70}},"type":"binary-expr","locations":[{"start":{"line":44,"column":62},"end":{"line":44,"column":70}},{"start":{"line":44,"column":62},"end":{"line":44,"column":70}}]},"10":{"loc":{"start":{"line":47,"column":11},"end":{"line":66,"column":null}},"type":"cond-expr","locations":[{"start":{"line":48,"column":12},"end":{"line":63,"column":null}},{"start":{"line":66,"column":12},"end":{"line":66,"column":66}}]},"11":{"loc":{"start":{"line":47,"column":11},"end":{"line":47,"column":38}},"type":"binary-expr","locations":[{"start":{"line":47,"column":11},"end":{"line":47,"column":17}},{"start":{"line":47,"column":21},"end":{"line":47,"column":38}}]}},"s":{"0":1,"1":1,"2":1,"3":1,"4":1,"5":1,"6":1,"7":2,"8":2,"9":1,"10":1,"11":2,"12":1},"f":{"0":2,"1":2},"b":{"0":[1],"1":[0,1],"2":[0,1],"3":[1,1],"4":[0,1],"5":[1,1],"6":[0,1],"7":[1,1],"8":[0,1],"9":[1,1],"10":[1,0],"11":[1,1]}}
,"C:\\WebApps\\marvel-wiki\\src\\frameworks\\ui\\pages\\character-detail\\components\\comic-card.tsx": {"path":"C:\\WebApps\\marvel-wiki\\src\\frameworks\\ui\\pages\\character-detail\\components\\comic-card.tsx","statementMap":{"0":{"start":{"line":5,"column":36},"end":{"line":15,"column":1}},"1":{"start":{"line":6,"column":2},"end":{"line":14,"column":4}},"2":{"start":{"line":5,"column":13},"end":{"line":5,"column":36}}},"fnMap":{"0":{"name":"(anonymous_0)","decl":{"start":{"line":5,"column":36},"end":{"line":5,"column":37}},"loc":{"start":{"line":5,"column":66},"end":{"line":15,"column":1}}}},"branchMap":{},"s":{"0":1,"1":2,"2":1},"f":{"0":2},"b":{}}
,"C:\\WebApps\\marvel-wiki\\src\\frameworks\\ui\\pages\\character-detail\\hooks\\use-character-detail-controller.ts": {"path":"C:\\WebApps\\marvel-wiki\\src\\frameworks\\ui\\pages\\character-detail\\hooks\\use-character-detail-controller.ts","statementMap":{"0":{"start":{"line":1,"column":0},"end":{"line":1,"column":31}},"1":{"start":{"line":2,"column":0},"end":{"line":2,"column":97}},"2":{"start":{"line":5,"column":44},"end":{"line":55,"column":1}},"3":{"start":{"line":7,"column":47},"end":{"line":7,"column":75}},"4":{"start":{"line":10,"column":23},"end":{"line":10,"column":51}},"5":{"start":{"line":11,"column":21},"end":{"line":11,"column":34}},"6":{"start":{"line":12,"column":17},"end":{"line":12,"column":26}},"7":{"start":{"line":13,"column":21},"end":{"line":13,"column":30}},"8":{"start":{"line":16,"column":26},"end":{"line":22,"column":3}},"9":{"start":{"line":17,"column":4},"end":{"line":21,"column":5}},"10":{"start":{"line":18,"column":6},"end":{"line":18,"column":32}},"11":{"start":{"line":19,"column":6},"end":{"line":19,"column":65}},"12":{"start":{"line":20,"column":6},"end":{"line":20,"column":59}},"13":{"start":{"line":25,"column":26},"end":{"line":31,"column":3}},"14":{"start":{"line":26,"column":4},"end":{"line":26,"column":61}},"15":{"start":{"line":26,"column":54},"end":{"line":26,"column":61}},"16":{"start":{"line":27,"column":4},"end":{"line":27,"column":23}},"17":{"start":{"line":28,"column":14},"end":{"line":28,"column":55}},"18":{"start":{"line":29,"column":17},"end":{"line":29,"column":35}},"19":{"start":{"line":30,"column":4},"end":{"line":30,"column":64}},"20":{"start":{"line":34,"column":24},"end":{"line":36,"column":3}},"21":{"start":{"line":35,"column":4},"end":{"line":35,"column":31}},"22":{"start":{"line":39,"column":27},"end":{"line":41,"column":3}},"23":{"start":{"line":40,"column":4},"end":{"line":40,"column":31}},"24":{"start":{"line":44,"column":2},"end":{"line":54,"column":4}},"25":{"start":{"line":5,"column":13},"end":{"line":5,"column":44}}},"fnMap":{"0":{"name":"(anonymous_0)","decl":{"start":{"line":5,"column":44},"end":{"line":5,"column":47}},"loc":{"start":{"line":5,"column":49},"end":{"line":55,"column":1}}},"1":{"name":"(anonymous_1)","decl":{"start":{"line":16,"column":26},"end":{"line":16,"column":27}},"loc":{"start":{"line":16,"column":50},"end":{"line":22,"column":3}}},"2":{"name":"(anonymous_2)","decl":{"start":{"line":25,"column":26},"end":{"line":25,"column":27}},"loc":{"start":{"line":25,"column":50},"end":{"line":31,"column":3}}},"3":{"name":"(anonymous_3)","decl":{"start":{"line":34,"column":24},"end":{"line":34,"column":27}},"loc":{"start":{"line":34,"column":29},"end":{"line":36,"column":3}}},"4":{"name":"(anonymous_4)","decl":{"start":{"line":39,"column":27},"end":{"line":39,"column":30}},"loc":{"start":{"line":39,"column":32},"end":{"line":41,"column":3}}}},"branchMap":{"0":{"loc":{"start":{"line":17,"column":4},"end":{"line":21,"column":5}},"type":"if","locations":[{"start":{"line":17,"column":4},"end":{"line":21,"column":5}}]},"1":{"loc":{"start":{"line":26,"column":4},"end":{"line":26,"column":61}},"type":"if","locations":[{"start":{"line":26,"column":4},"end":{"line":26,"column":61}}]},"2":{"loc":{"start":{"line":26,"column":8},"end":{"line":26,"column":52}},"type":"binary-expr","locations":[{"start":{"line":26,"column":8},"end":{"line":26,"column":27}},{"start":{"line":26,"column":31},"end":{"line":26,"column":52}}]}},"s":{"0":2,"1":2,"2":2,"3":2,"4":2,"5":2,"6":2,"7":2,"8":2,"9":0,"10":0,"11":0,"12":0,"13":2,"14":0,"15":0,"16":0,"17":0,"18":0,"19":0,"20":2,"21":0,"22":2,"23":0,"24":2,"25":2},"f":{"0":2,"1":0,"2":0,"3":0,"4":0},"b":{"0":[0],"1":[0],"2":[0,0]}}
,"C:\\WebApps\\marvel-wiki\\src\\frameworks\\ui\\pages\\characters-list\\characters-list.tsx": {"path":"C:\\WebApps\\marvel-wiki\\src\\frameworks\\ui\\pages\\characters-list\\characters-list.tsx","statementMap":{"0":{"start":{"line":1,"column":0},"end":{"line":1,"column":49}},"1":{"start":{"line":2,"column":0},"end":{"line":2,"column":53}},"2":{"start":{"line":3,"column":0},"end":{"line":3,"column":84}},"3":{"start":{"line":4,"column":0},"end":{"line":4,"column":75}},"4":{"start":{"line":5,"column":0},"end":{"line":5,"column":62}},"5":{"start":{"line":8,"column":23},"end":{"line":32,"column":1}},"6":{"start":{"line":9,"column":64},"end":{"line":9,"column":92}},"7":{"start":{"line":11,"column":2},"end":{"line":31,"column":4}},"8":{"start":{"line":20,"column":57},"end":{"line":20,"column":80}},"9":{"start":{"line":34,"column":0},"end":{"line":34,"column":30}}},"fnMap":{"0":{"name":"(anonymous_0)","decl":{"start":{"line":8,"column":23},"end":{"line":8,"column":26}},"loc":{"start":{"line":8,"column":28},"end":{"line":32,"column":1}}},"1":{"name":"(anonymous_1)","decl":{"start":{"line":20,"column":27},"end":{"line":20,"column":28}},"loc":{"start":{"line":20,"column":57},"end":{"line":20,"column":80}}}},"branchMap":{"0":{"loc":{"start":{"line":14,"column":7},"end":{"line":14,"column":30}},"type":"binary-expr","locations":[{"start":{"line":14,"column":7},"end":{"line":14,"column":16}},{"start":{"line":14,"column":20},"end":{"line":14,"column":30}}]},"1":{"loc":{"start":{"line":16,"column":74},"end":{"line":16,"column":91}},"type":"cond-expr","locations":[{"start":{"line":16,"column":86},"end":{"line":16,"column":90}},{"start":{"line":16,"column":90},"end":{"line":16,"column":91}}]},"2":{"loc":{"start":{"line":16,"column":74},"end":{"line":16,"column":90}},"type":"binary-expr","locations":[{"start":{"line":16,"column":74},"end":{"line":16,"column":90}},{"start":{"line":16,"column":86},"end":{"line":16,"column":90}}]},"3":{"loc":{"start":{"line":16,"column":74},"end":{"line":16,"column":86}},"type":"cond-expr","locations":[{"start":{"line":16,"column":78},"end":{"line":16,"column":80}},{"start":{"line":16,"column":74},"end":{"line":16,"column":86}}]},"4":{"loc":{"start":{"line":16,"column":74},"end":{"line":16,"column":80}},"type":"binary-expr","locations":[{"start":{"line":16,"column":74},"end":{"line":16,"column":80}},{"start":{"line":16,"column":74},"end":{"line":16,"column":80}}]},"5":{"loc":{"start":{"line":18,"column":7},"end":{"line":21,"column":null}},"type":"binary-expr","locations":[{"start":{"line":18,"column":7},"end":{"line":18,"column":17}},{"start":{"line":18,"column":21},"end":{"line":18,"column":27}},{"start":{"line":19,"column":8},"end":{"line":20,"column":null}}]},"6":{"loc":{"start":{"line":20,"column":17},"end":{"line":20,"column":88}},"type":"cond-expr","locations":[{"start":{"line":20,"column":82},"end":{"line":20,"column":86}},{"start":{"line":20,"column":86},"end":{"line":20,"column":88}}]},"7":{"loc":{"start":{"line":20,"column":17},"end":{"line":20,"column":86}},"type":"binary-expr","locations":[{"start":{"line":20,"column":17},"end":{"line":20,"column":86}},{"start":{"line":20,"column":82},"end":{"line":20,"column":86}}]},"8":{"loc":{"start":{"line":20,"column":17},"end":{"line":20,"column":82}},"type":"cond-expr","locations":[{"start":{"line":20,"column":21},"end":{"line":20,"column":23}},{"start":{"line":20,"column":17},"end":{"line":20,"column":82}}]},"9":{"loc":{"start":{"line":20,"column":17},"end":{"line":20,"column":23}},"type":"binary-expr","locations":[{"start":{"line":20,"column":17},"end":{"line":20,"column":23}},{"start":{"line":20,"column":17},"end":{"line":20,"column":23}}]},"10":{"loc":{"start":{"line":24,"column":7},"end":{"line":28,"column":null}},"type":"binary-expr","locations":[{"start":{"line":24,"column":7},"end":{"line":24,"column":12}},{"start":{"line":25,"column":8},"end":{"line":27,"column":null}}]}},"s":{"0":1,"1":1,"2":1,"3":1,"4":1,"5":1,"6":4,"7":4,"8":1,"9":1},"f":{"0":4,"1":1},"b":{"0":[4,1],"1":[4,0],"2":[4,4],"3":[0,4],"4":[4,4],"5":[4,3,2],"6":[2,0],"7":[2,2],"8":[0,2],"9":[2,2],"10":[4,1]}}
,"C:\\WebApps\\marvel-wiki\\src\\frameworks\\ui\\pages\\characters-list\\hooks\\use-characters-list-controller.ts": {"path":"C:\\WebApps\\marvel-wiki\\src\\frameworks\\ui\\pages\\characters-list\\hooks\\use-characters-list-controller.ts","statementMap":{"0":{"start":{"line":1,"column":0},"end":{"line":1,"column":33}},"1":{"start":{"line":2,"column":0},"end":{"line":2,"column":86}},"2":{"start":{"line":5,"column":42},"end":{"line":19,"column":1}},"3":{"start":{"line":7,"column":48},"end":{"line":7,"column":60}},"4":{"start":{"line":9,"column":37},"end":{"line":9,"column":75}},"5":{"start":{"line":12,"column":2},"end":{"line":18,"column":4}},"6":{"start":{"line":5,"column":13},"end":{"line":5,"column":42}}},"fnMap":{"0":{"name":"(anonymous_0)","decl":{"start":{"line":5,"column":42},"end":{"line":5,"column":45}},"loc":{"start":{"line":5,"column":47},"end":{"line":19,"column":1}}}},"branchMap":{},"s":{"0":2,"1":2,"2":2,"3":3,"4":3,"5":3,"6":2},"f":{"0":3},"b":{}}
,"C:\\WebApps\\marvel-wiki\\src\\frameworks\\ui\\pages\\favourites\\favourites.tsx": {"path":"C:\\WebApps\\marvel-wiki\\src\\frameworks\\ui\\pages\\favourites\\favourites.tsx","statementMap":{"0":{"start":{"line":1,"column":0},"end":{"line":1,"column":75}},"1":{"start":{"line":2,"column":0},"end":{"line":2,"column":53}},"2":{"start":{"line":3,"column":0},"end":{"line":3,"column":76}},"3":{"start":{"line":6,"column":19},"end":{"line":17,"column":1}},"4":{"start":{"line":7,"column":44},"end":{"line":7,"column":69}},"5":{"start":{"line":9,"column":2},"end":{"line":16,"column":4}},"6":{"start":{"line":19,"column":0},"end":{"line":19,"column":26}}},"fnMap":{"0":{"name":"(anonymous_0)","decl":{"start":{"line":6,"column":19},"end":{"line":6,"column":22}},"loc":{"start":{"line":6,"column":24},"end":{"line":17,"column":1}}}},"branchMap":{},"s":{"0":1,"1":1,"2":1,"3":1,"4":2,"5":2,"6":1},"f":{"0":2},"b":{}}
,"C:\\WebApps\\marvel-wiki\\src\\frameworks\\ui\\pages\\favourites\\hooks\\use-favourites-controller.ts": {"path":"C:\\WebApps\\marvel-wiki\\src\\frameworks\\ui\\pages\\favourites\\hooks\\use-favourites-controller.ts","statementMap":{"0":{"start":{"line":1,"column":0},"end":{"line":1,"column":44}},"1":{"start":{"line":2,"column":0},"end":{"line":2,"column":65}},"2":{"start":{"line":6,"column":39},"end":{"line":32,"column":1}},"3":{"start":{"line":8,"column":38},"end":{"line":8,"column":72}},"4":{"start":{"line":10,"column":30},"end":{"line":10,"column":50}},"5":{"start":{"line":12,"column":2},"end":{"line":28,"column":15}},"6":{"start":{"line":14,"column":28},"end":{"line":17,"column":6}},"7":{"start":{"line":14,"column":39},"end":{"line":17,"column":6}},"8":{"start":{"line":15,"column":19},"end":{"line":15,"column":48}},"9":{"start":{"line":16,"column":6},"end":{"line":16,"column":26}},"10":{"start":{"line":19,"column":4},"end":{"line":19,"column":22}},"11":{"start":{"line":22,"column":4},"end":{"line":22,"column":67}},"12":{"start":{"line":24,"column":4},"end":{"line":27,"column":6}},"13":{"start":{"line":26,"column":6},"end":{"line":26,"column":72}},"14":{"start":{"line":31,"column":2},"end":{"line":31,"column":43}},"15":{"start":{"line":6,"column":13},"end":{"line":6,"column":39}}},"fnMap":{"0":{"name":"(anonymous_7)","decl":{"start":{"line":6,"column":39},"end":{"line":6,"column":42}},"loc":{"start":{"line":6,"column":44},"end":{"line":32,"column":1}}},"1":{"name":"(anonymous_8)","decl":{"start":{"line":12,"column":12},"end":{"line":12,"column":15}},"loc":{"start":{"line":12,"column":17},"end":{"line":28,"column":3}}},"2":{"name":"(anonymous_9)","decl":{"start":{"line":14,"column":28},"end":{"line":14,"column":37}},"loc":{"start":{"line":14,"column":39},"end":{"line":17,"column":6}}},"3":{"name":"(anonymous_10)","decl":{"start":{"line":14,"column":39},"end":{"line":14,"column":null}},"loc":{"start":{"line":14,"column":39},"end":{"line":17,"column":5}}},"4":{"name":"(anonymous_11)","decl":{"start":{"line":24,"column":11},"end":{"line":24,"column":14}},"loc":{"start":{"line":24,"column":16},"end":{"line":27,"column":5}}}},"branchMap":{},"s":{"0":2,"1":2,"2":2,"3":6,"4":6,"5":6,"6":4,"7":4,"8":4,"9":4,"10":4,"11":4,"12":4,"13":4,"14":6,"15":2},"f":{"0":6,"1":4,"2":4,"3":4,"4":4},"b":{}}
,"C:\\WebApps\\marvel-wiki\\src\\frameworks\\ui\\pages\\not-found\\not-found.tsx": {"path":"C:\\WebApps\\marvel-wiki\\src\\frameworks\\ui\\pages\\not-found\\not-found.tsx","statementMap":{"0":{"start":{"line":2,"column":0},"end":{"line":2,"column":62}},"1":{"start":{"line":4,"column":21},"end":{"line":10,"column":1}},"2":{"start":{"line":5,"column":2},"end":{"line":9,"column":4}},"3":{"start":{"line":12,"column":0},"end":{"line":12,"column":24}}},"fnMap":{"0":{"name":"(anonymous_0)","decl":{"start":{"line":4,"column":21},"end":{"line":4,"column":24}},"loc":{"start":{"line":4,"column":26},"end":{"line":10,"column":1}}}},"branchMap":{},"s":{"0":2,"1":2,"2":2,"3":2},"f":{"0":2},"b":{}}
}
